2024-05-19 21:38:33,061 - crypto_loader.baseloader - DEBUG - Запит списку доступних продуктів
2024-05-19 21:38:33,633 - crypto_loader.baseloader - INFO - Успішно завантажено список продуктів
2024-05-19 21:38:33,639 - crypto_loader.coinbaseloader - DEBUG - Запит даних для XTZ-EUR з 2024-05-18 21:38:33.639180 до 2024-05-19 21:38:33.639180 з гранулярністю 3600
2024-05-19 21:38:34,301 - crypto_loader.coinbaseloader - INFO - Успішно завантажено дані для XTZ-EUR - 2024-05-18 21:38:33.639180 до 2024-05-19 21:38:33.639180
2024-05-19 21:38:34,301 - crypto_loader.coinbaseloader - DEBUG - Запит даних для XTZ-EUR з 2024-04-19 21:38:33.639180 до 2024-05-19 21:38:33.639180 з гранулярністю 86400
2024-05-19 21:38:34,929 - crypto_loader.coinbaseloader - INFO - Успішно завантажено дані для XTZ-EUR - 2024-04-19 21:38:33.639180 до 2024-05-19 21:38:33.639180
2024-05-19 21:38:34,929 - crypto_loader.coinbaseloader - DEBUG - Запит даних для XTZ-EUR з 2023-05-20 21:38:33.639180 до 2024-05-19 21:38:33.639180 з гранулярністю 2592000
2024-05-19 21:38:35,579 - crypto_loader.coinbaseloader - ERROR - Не вдалося завантажити дані для XTZ-EUR - 2023-05-20 21:38:33.639180 до 2024-05-19 21:38:33.639180
2024-05-19 21:38:35,579 - crypto_loader.coinbaseloader - DEBUG - Запит даних для LTC-BTC з 2024-05-18 21:38:33.639180 до 2024-05-19 21:38:33.639180 з гранулярністю 3600
2024-05-19 21:38:36,313 - crypto_loader.coinbaseloader - INFO - Успішно завантажено дані для LTC-BTC - 2024-05-18 21:38:33.639180 до 2024-05-19 21:38:33.639180
2024-05-19 21:38:36,313 - crypto_loader.coinbaseloader - DEBUG - Запит даних для LTC-BTC з 2024-04-19 21:38:33.639180 до 2024-05-19 21:38:33.639180 з гранулярністю 86400
2024-05-19 21:38:36,941 - crypto_loader.coinbaseloader - INFO - Успішно завантажено дані для LTC-BTC - 2024-04-19 21:38:33.639180 до 2024-05-19 21:38:33.639180
2024-05-19 21:38:36,958 - crypto_loader.coinbaseloader - DEBUG - Запит даних для LTC-BTC з 2023-05-20 21:38:33.639180 до 2024-05-19 21:38:33.639180 з гранулярністю 2592000
2024-05-19 21:38:37,727 - crypto_loader.coinbaseloader - ERROR - Не вдалося завантажити дані для LTC-BTC - 2023-05-20 21:38:33.639180 до 2024-05-19 21:38:33.639180
2024-05-19 21:38:37,727 - crypto_loader.coinbaseloader - DEBUG - Запит даних для BTC-USD з 2024-05-18 21:38:33.639180 до 2024-05-19 21:38:33.639180 з гранулярністю 3600
2024-05-19 21:38:38,362 - crypto_loader.coinbaseloader - INFO - Успішно завантажено дані для BTC-USD - 2024-05-18 21:38:33.639180 до 2024-05-19 21:38:33.639180
2024-05-19 21:38:38,378 - crypto_loader.coinbaseloader - DEBUG - Запит даних для BTC-USD з 2024-04-19 21:38:33.639180 до 2024-05-19 21:38:33.639180 з гранулярністю 86400
2024-05-19 21:38:39,059 - crypto_loader.coinbaseloader - INFO - Успішно завантажено дані для BTC-USD - 2024-04-19 21:38:33.639180 до 2024-05-19 21:38:33.639180
2024-05-19 21:38:39,059 - crypto_loader.coinbaseloader - DEBUG - Запит даних для BTC-USD з 2023-05-20 21:38:33.639180 до 2024-05-19 21:38:33.639180 з гранулярністю 2592000
2024-05-19 21:38:39,843 - crypto_loader.coinbaseloader - ERROR - Не вдалося завантажити дані для BTC-USD - 2023-05-20 21:38:33.639180 до 2024-05-19 21:38:33.639180
